<?xml version="1.0" encoding="UTF-8"?>
<!-- Generated by org.testng.reporters.JUnitXMLReporter -->
<testsuite ignored="0" hostname="ICS-LAP-8707" failures="0" tests="16" name="Test" time="50.666" errors="0" timestamp="2026-01-22T13:37:10 IST">
  <testcase classname="Tests.Test4" name="navigate2" time="4.419"/>
  <testcase classname="Tests.Test1" name="navigate2" time="4.763"/>
  <testcase classname="Tests.Test2" name="navigate2" time="5.632"/>
  <testcase classname="Tests.Test3" name="navigate2" time="5.67"/>
  <testcase classname="Tests.Test1" name="navigate1" time="3.523"/>
  <testcase classname="Tests.Test4" name="navigate1" time="14.414"/>
  <testcase classname="Tests.Test1" name="navigate" time="13.771"/>
  <testcase classname="Tests.Test3" name="navigate1" time="22.018"/>
  <testcase classname="Tests.Test1" name="navigate3" time="8.052"/>
  <testcase classname="Tests.Test2" name="navigate1" time="27.357"/>
  <testcase classname="Tests.Test4" name="navigate" time="14.602"/>
  <testcase classname="Tests.Test3" name="navigate" time="10.138"/>
  <testcase classname="Tests.Test4" name="navigate3" time="5.527"/>
  <testcase classname="Tests.Test3" name="navigate3" time="2.688"/>
  <testcase classname="Tests.Test2" name="navigate" time="11.986"/>
  <testcase classname="Tests.Test2" name="navigate3" time="5.553"/>
</testsuite> <!-- Test -->
