<?xml version="1.0" encoding="UTF-8"?>
<!-- Generated by org.testng.reporters.JUnitXMLReporter -->
<testsuite ignored="0" hostname="ICS-LAP-8707" failures="0" tests="12" name="Test" time="92.609" errors="0" timestamp="2026-02-09T18:02:14 IST">
  <testcase classname="com.crm.qa.testdata.LoginPageTest" name="loginPageTitleTest" time="0.023"/>
  <testcase classname="com.crm.qa.testdata.LoginPageTest" name="signwithGoogle" time="3.389"/>
  <testcase classname="com.crm.qa.testdata.LoginPageTest" name="signwithApple" time="3.311"/>
  <testcase classname="com.crm.qa.testdata.LoginPageTest" name="signwithMicrosoft" time="3.342"/>
  <testcase classname="com.crm.qa.testdata.LoginPageTest" name="loginTest" time="0.53"/>
  <testcase classname="com.crm.qa.testdata.HomePageTest" name="validateHomePageTitleTest" time="0.013"/>
  <testcase classname="com.crm.qa.testdata.HomePageTest" name="verifyUsernameTest" time="2.068"/>
  <testcase classname="com.crm.qa.testdata.HomePageTest" name="contactLinktest" time="2.887"/>
  <testcase classname="com.crm.qa.testdata.ContactsPageTest" name="verifyContactsPageLabel" time="0.036"/>
  <testcase classname="com.crm.qa.testdata.ContactsPageTest" name="selectSingleContactsTest" time="0.275"/>
  <testcase classname="com.crm.qa.testdata.ContactsPageTest" name="selectMultipleContactsTest" time="0.428"/>
  <testcase classname="com.crm.qa.testdata.ContactsPageTest" name="validateCreateNewContactTest" time="1.131"/>
</testsuite> <!-- Test -->
