<?xml version="1.0" encoding="UTF-8"?>
<!-- Generated by org.testng.reporters.JUnitXMLReporter -->
<testsuite ignored="3" hostname="ICS-LAP-8707" failures="0" tests="1" name="Default test" time="20.78" errors="0" timestamp="2026-01-24T01:04:58 IST">
  <testcase classname="com.crm.qa.testdata.ContactsPageTest" name="validateCreateNewContactTest" time="11.193"/>
  <testcase classname="com.crm.qa.testdata.ContactsPageTest" name="selectSingleContactsTest" time="0.0">
    <ignored/>
  </testcase> <!-- selectSingleContactsTest -->
  <testcase classname="com.crm.qa.testdata.ContactsPageTest" name="selectMultipleContactsTest" time="0.0">
    <ignored/>
  </testcase> <!-- selectMultipleContactsTest -->
  <testcase classname="com.crm.qa.testdata.ContactsPageTest" name="verifyContactsPageLabel" time="0.0">
    <ignored/>
  </testcase> <!-- verifyContactsPageLabel -->
</testsuite> <!-- Default test -->
