<?xml version="1.0" encoding="UTF-8"?>
<!-- Generated by org.testng.reporters.JUnitXMLReporter -->
<testsuite ignored="0" hostname="ICS-LAP-8707" failures="0" tests="11" name="Test" time="86.803" errors="0" timestamp="2026-01-23T19:11:33 IST">
  <testcase classname="com.crm.qa.testdata.LoginPageTest" name="loginPageTitleTest" time="0.03"/>
  <testcase classname="com.crm.qa.testdata.LoginPageTest" name="signwithGoogle" time="3.252"/>
  <testcase classname="com.crm.qa.testdata.LoginPageTest" name="signwithApple" time="3.313"/>
  <testcase classname="com.crm.qa.testdata.LoginPageTest" name="signwithMicrosoft" time="3.265"/>
  <testcase classname="com.crm.qa.testdata.LoginPageTest" name="loginTest" time="0.479"/>
  <testcase classname="com.crm.qa.testdata.HomePageTest" name="validateHomePageTitleTest" time="0.009"/>
  <testcase classname="com.crm.qa.testdata.HomePageTest" name="verifyUsernameTest" time="2.296"/>
  <testcase classname="com.crm.qa.testdata.HomePageTest" name="contactLinktest" time="3.166"/>
  <testcase classname="com.crm.qa.testdata.ContactsPageTest" name="verifyContactsPageLabel" time="0.021"/>
  <testcase classname="com.crm.qa.testdata.ContactsPageTest" name="selectMultipleContactsTest" time="0.628"/>
  <testcase classname="com.crm.qa.testdata.ContactsPageTest" name="selectSingleContactsTest" time="0.31"/>
</testsuite> <!-- Test -->
