<?xml version="1.0" encoding="UTF-8"?>
<testng-results ignored="3" total="4" passed="1" failed="0" skipped="0">
  <reporter-output>
  </reporter-output>
  <suite started-at="2026-01-24T01:04:37 IST" name="Default suite" finished-at="2026-01-24T01:04:58 IST" duration-ms="20780">
    <groups>
    </groups>
    <test started-at="2026-01-24T01:04:37 IST" name="Default test" finished-at="2026-01-24T01:04:58 IST" duration-ms="20780">
      <class name="com.crm.qa.testdata.ContactsPageTest">
        <test-method is-config="true" signature="setUp()[pri:0, instance:com.crm.qa.testdata.ContactsPageTest@3012646b]" started-at="2026-01-24T01:04:37 IST" name="setUp" finished-at="2026-01-24T01:04:47 IST" duration-ms="9543" status="PASS">
          <reporter-output>
          </reporter-output>
        </test-method> <!-- setUp -->
        <test-method signature="validateCreateNewContactTest()[pri:4, instance:com.crm.qa.testdata.ContactsPageTest@3012646b]" started-at="2026-01-24T01:04:47 IST" name="validateCreateNewContactTest" finished-at="2026-01-24T01:04:58 IST" duration-ms="11193" status="PASS">
          <reporter-output>
          </reporter-output>
        </test-method> <!-- validateCreateNewContactTest -->
      </class> <!-- com.crm.qa.testdata.ContactsPageTest -->
    </test> <!-- Default test -->
  </suite> <!-- Default suite -->
</testng-results>
