<?xml version="1.0" encoding="UTF-8"?>
<!-- Generated by org.testng.reporters.JUnitReportReporter -->
<testsuite hostname="ICS-LAP-8707" failures="0" tests="5" name="com.crm.qa.testdata.LoginPageTest" time="41.040" errors="0" timestamp="2026-02-09T18:02:14 IST" skipped="0">
  <testcase classname="com.crm.qa.testdata.LoginPageTest" name="loginPageTitleTest" time="4.743"/>
  <testcase classname="com.crm.qa.testdata.LoginPageTest" name="signwithGoogle" time="8.184"/>
  <testcase classname="com.crm.qa.testdata.LoginPageTest" name="signwithApple" time="15.461"/>
  <testcase classname="com.crm.qa.testdata.LoginPageTest" name="signwithMicrosoft" time="8.065"/>
  <testcase classname="com.crm.qa.testdata.LoginPageTest" name="loginTest" time="4.587"/>
</testsuite> <!-- com.crm.qa.testdata.LoginPageTest -->
