<?xml version="1.0" encoding="UTF-8"?>
<!-- Generated by org.testng.reporters.JUnitReportReporter -->
<testsuite hostname="ICS-LAP-8707" failures="0" tests="4" name="com.crm.qa.testdata.ContactsPageTest" time="32.082" errors="0" timestamp="2026-02-09T18:02:14 IST" skipped="0">
  <testcase classname="com.crm.qa.testdata.ContactsPageTest" name="verifyContactsPageLabel" time="7.395"/>
  <testcase classname="com.crm.qa.testdata.ContactsPageTest" name="selectSingleContactsTest" time="7.815"/>
  <testcase classname="com.crm.qa.testdata.ContactsPageTest" name="selectMultipleContactsTest" time="8.520"/>
  <testcase classname="com.crm.qa.testdata.ContactsPageTest" name="validateCreateNewContactTest" time="8.352"/>
</testsuite> <!-- com.crm.qa.testdata.ContactsPageTest -->
