<?xml version="1.0" encoding="UTF-8"?>
<!-- Generated by org.testng.reporters.JUnitReportReporter -->
<testsuite hostname="ICS-LAP-8707" failures="0" tests="4" name="Tests.Test4" time="38.962" errors="0" timestamp="2026-01-22T13:37:10 IST" skipped="0">
  <testcase classname="Tests.Test4" name="navigate2" time="4.419"/>
  <testcase classname="Tests.Test4" name="navigate1" time="14.414"/>
  <testcase classname="Tests.Test4" name="navigate" time="14.602"/>
  <testcase classname="Tests.Test4" name="navigate3" time="5.527"/>
</testsuite> <!-- Tests.Test4 -->
