<?xml version="1.0" encoding="UTF-8"?>
<!-- Generated by org.testng.reporters.JUnitReportReporter -->
<testsuite hostname="ICS-LAP-8707" failures="0" tests="5" name="com.crm.qa.testdata.LoginPageTest" time="36.346" errors="0" timestamp="2026-01-23T19:11:33 IST" skipped="0">
  <testcase classname="com.crm.qa.testdata.LoginPageTest" name="loginPageTitleTest" time="5.333"/>
  <testcase classname="com.crm.qa.testdata.LoginPageTest" name="signwithGoogle" time="8.935"/>
  <testcase classname="com.crm.qa.testdata.LoginPageTest" name="signwithApple" time="8.417"/>
  <testcase classname="com.crm.qa.testdata.LoginPageTest" name="signwithMicrosoft" time="8.273"/>
  <testcase classname="com.crm.qa.testdata.LoginPageTest" name="loginTest" time="5.388"/>
</testsuite> <!-- com.crm.qa.testdata.LoginPageTest -->
