<?xml version="1.0" encoding="UTF-8"?>
<!-- Generated by org.testng.reporters.JUnitReportReporter -->
<testsuite hostname="ICS-LAP-8707" failures="0" tests="3" name="com.crm.qa.testdata.HomePageTest" time="22.040" errors="0" timestamp="2026-01-23T19:11:33 IST" skipped="0">
  <testcase classname="com.crm.qa.testdata.HomePageTest" name="validateHomePageTitleTest" time="5.717"/>
  <testcase classname="com.crm.qa.testdata.HomePageTest" name="verifyUsernameTest" time="7.869"/>
  <testcase classname="com.crm.qa.testdata.HomePageTest" name="contactLinktest" time="8.454"/>
</testsuite> <!-- com.crm.qa.testdata.HomePageTest -->
