<?xml version="1.0" encoding="UTF-8"?>
<!-- Generated by org.testng.reporters.JUnitReportReporter -->
<testsuite hostname="ICS-LAP-8707" failures="0" tests="4" name="Tests.Test2" time="50.528" errors="0" timestamp="2026-01-22T13:37:10 IST" skipped="0">
  <testcase classname="Tests.Test2" name="navigate2" time="5.632"/>
  <testcase classname="Tests.Test2" name="navigate1" time="27.357"/>
  <testcase classname="Tests.Test2" name="navigate" time="11.986"/>
  <testcase classname="Tests.Test2" name="navigate3" time="5.553"/>
</testsuite> <!-- Tests.Test2 -->
