<?xml version="1.0" encoding="UTF-8"?>
<!-- Generated by org.testng.reporters.JUnitReportReporter -->
<testsuite hostname="ICS-LAP-8707" failures="0" tests="3" name="com.crm.qa.testdata.HomePageTest" time="19.401" errors="0" timestamp="2026-02-09T18:02:14 IST" skipped="0">
  <testcase classname="com.crm.qa.testdata.HomePageTest" name="validateHomePageTitleTest" time="5.036"/>
  <testcase classname="com.crm.qa.testdata.HomePageTest" name="verifyUsernameTest" time="6.834"/>
  <testcase classname="com.crm.qa.testdata.HomePageTest" name="contactLinktest" time="7.531"/>
</testsuite> <!-- com.crm.qa.testdata.HomePageTest -->
