<?xml version="1.0" encoding="UTF-8"?>
<!-- Generated by org.testng.reporters.JUnitReportReporter -->
<testsuite hostname="ICS-LAP-8707" failures="0" tests="4" name="Tests.Test3" time="40.514" errors="0" timestamp="2026-01-22T13:37:10 IST" skipped="0">
  <testcase classname="Tests.Test3" name="navigate2" time="5.670"/>
  <testcase classname="Tests.Test3" name="navigate1" time="22.018"/>
  <testcase classname="Tests.Test3" name="navigate" time="10.138"/>
  <testcase classname="Tests.Test3" name="navigate3" time="2.688"/>
</testsuite> <!-- Tests.Test3 -->
